[0.688s] DEBUG:colcon:Command line arguments: ['/usr/bin/colcon', 'build']
[0.688s] DEBUG:colcon:Parsed command line arguments: Namespace(log_base=None, log_level=None, verb_name='build', build_base='build', install_base='install', merge_install=False, symlink_install=False, test_result_base=None, continue_on_error=False, executor='parallel', parallel_workers=1, event_handlers=None, ignore_user_meta=False, metas=['./colcon.meta'], base_paths=['.'], packages_ignore=None, packages_ignore_regex=None, paths=None, packages_up_to=None, packages_up_to_regex=None, packages_above=None, packages_above_and_dependencies=None, packages_above_depth=None, packages_select_by_dep=None, packages_skip_by_dep=None, packages_skip_up_to=None, packages_select_build_failed=False, packages_skip_build_finished=False, packages_select_test_failures=False, packages_skip_test_passed=False, packages_select=None, packages_skip=None, packages_select_regex=None, packages_skip_regex=None, packages_start=None, packages_end=None, allow_overriding=[], cmake_args=None, cmake_target=None, cmake_target_skip_unavailable=False, cmake_clean_cache=False, cmake_clean_first=False, cmake_force_configure=False, ament_cmake_args=None, catkin_cmake_args=None, catkin_skip_building_tests=False, verb_parser=<colcon_defaults.argument_parser.defaults.DefaultArgumentsDecorator object at 0x7f065eab5390>, verb_extension=<colcon_core.verb.build.BuildVerb object at 0x7f065f2b7340>, main=<bound method BuildVerb.main of <colcon_core.verb.build.BuildVerb object at 0x7f065f2b7340>>)
[0.796s] Level 1:colcon.colcon_core.package_discovery:discover_packages(colcon_meta) check parameters
[0.796s] Level 1:colcon.colcon_core.package_discovery:discover_packages(recursive) check parameters
[0.796s] Level 1:colcon.colcon_core.package_discovery:discover_packages(ignore) check parameters
[0.796s] Level 1:colcon.colcon_core.package_discovery:discover_packages(path) check parameters
[0.796s] Level 1:colcon.colcon_core.package_discovery:discover_packages(colcon_meta) discover
[0.796s] Level 1:colcon.colcon_core.package_discovery:discover_packages(recursive) discover
[0.796s] INFO:colcon.colcon_core.package_discovery:Crawling recursively for packages in '/home/vboxuser/workspace/ros2_pkg_ws'
[0.796s] Level 1:colcon.colcon_core.package_identification:_identify(.) by extensions ['ignore', 'ignore_ament_install']
[0.796s] Level 1:colcon.colcon_core.package_identification:_identify(.) by extension 'ignore'
[0.796s] Level 1:colcon.colcon_core.package_identification:_identify(.) by extension 'ignore_ament_install'
[0.796s] Level 1:colcon.colcon_core.package_identification:_identify(.) by extensions ['colcon_pkg']
[0.797s] Level 1:colcon.colcon_core.package_identification:_identify(.) by extension 'colcon_pkg'
[0.797s] Level 1:colcon.colcon_core.package_identification:_identify(.) by extensions ['colcon_meta']
[0.797s] Level 1:colcon.colcon_core.package_identification:_identify(.) by extension 'colcon_meta'
[0.797s] Level 1:colcon.colcon_core.package_identification:_identify(.) by extensions ['ros']
[0.797s] Level 1:colcon.colcon_core.package_identification:_identify(.) by extension 'ros'
[0.812s] Level 1:colcon.colcon_core.package_identification:_identify(.) by extensions ['cmake', 'python']
[0.812s] Level 1:colcon.colcon_core.package_identification:_identify(.) by extension 'cmake'
[0.812s] Level 1:colcon.colcon_core.package_identification:_identify(.) by extension 'python'
[0.812s] Level 1:colcon.colcon_core.package_identification:_identify(.) by extensions ['python_setup_py']
[0.812s] Level 1:colcon.colcon_core.package_identification:_identify(.) by extension 'python_setup_py'
[0.812s] Level 1:colcon.colcon_core.package_identification:_identify(build) by extensions ['ignore', 'ignore_ament_install']
[0.812s] Level 1:colcon.colcon_core.package_identification:_identify(build) by extension 'ignore'
[0.812s] Level 1:colcon.colcon_core.package_identification:_identify(build) ignored
[0.813s] Level 1:colcon.colcon_core.package_identification:_identify(install) by extensions ['ignore', 'ignore_ament_install']
[0.813s] Level 1:colcon.colcon_core.package_identification:_identify(install) by extension 'ignore'
[0.813s] Level 1:colcon.colcon_core.package_identification:_identify(install) ignored
[0.813s] Level 1:colcon.colcon_core.package_identification:_identify(log) by extensions ['ignore', 'ignore_ament_install']
[0.813s] Level 1:colcon.colcon_core.package_identification:_identify(log) by extension 'ignore'
[0.813s] Level 1:colcon.colcon_core.package_identification:_identify(log) ignored
[0.813s] Level 1:colcon.colcon_core.package_identification:_identify(src) by extensions ['ignore', 'ignore_ament_install']
[0.813s] Level 1:colcon.colcon_core.package_identification:_identify(src) by extension 'ignore'
[0.813s] Level 1:colcon.colcon_core.package_identification:_identify(src) by extension 'ignore_ament_install'
[0.813s] Level 1:colcon.colcon_core.package_identification:_identify(src) by extensions ['colcon_pkg']
[0.813s] Level 1:colcon.colcon_core.package_identification:_identify(src) by extension 'colcon_pkg'
[0.813s] Level 1:colcon.colcon_core.package_identification:_identify(src) by extensions ['colcon_meta']
[0.814s] Level 1:colcon.colcon_core.package_identification:_identify(src) by extension 'colcon_meta'
[0.814s] Level 1:colcon.colcon_core.package_identification:_identify(src) by extensions ['ros']
[0.814s] Level 1:colcon.colcon_core.package_identification:_identify(src) by extension 'ros'
[0.814s] Level 1:colcon.colcon_core.package_identification:_identify(src) by extensions ['cmake', 'python']
[0.814s] Level 1:colcon.colcon_core.package_identification:_identify(src) by extension 'cmake'
[0.814s] Level 1:colcon.colcon_core.package_identification:_identify(src) by extension 'python'
[0.814s] Level 1:colcon.colcon_core.package_identification:_identify(src) by extensions ['python_setup_py']
[0.814s] Level 1:colcon.colcon_core.package_identification:_identify(src) by extension 'python_setup_py'
[0.814s] Level 1:colcon.colcon_core.package_identification:_identify(src/udemy_ros2_pkg) by extensions ['ignore', 'ignore_ament_install']
[0.814s] Level 1:colcon.colcon_core.package_identification:_identify(src/udemy_ros2_pkg) by extension 'ignore'
[0.814s] Level 1:colcon.colcon_core.package_identification:_identify(src/udemy_ros2_pkg) by extension 'ignore_ament_install'
[0.814s] Level 1:colcon.colcon_core.package_identification:_identify(src/udemy_ros2_pkg) by extensions ['colcon_pkg']
[0.814s] Level 1:colcon.colcon_core.package_identification:_identify(src/udemy_ros2_pkg) by extension 'colcon_pkg'
[0.814s] Level 1:colcon.colcon_core.package_identification:_identify(src/udemy_ros2_pkg) by extensions ['colcon_meta']
[0.814s] Level 1:colcon.colcon_core.package_identification:_identify(src/udemy_ros2_pkg) by extension 'colcon_meta'
[0.815s] Level 1:colcon.colcon_core.package_identification:_identify(src/udemy_ros2_pkg) by extensions ['ros']
[0.815s] Level 1:colcon.colcon_core.package_identification:_identify(src/udemy_ros2_pkg) by extension 'ros'
[0.822s] DEBUG:colcon.colcon_core.package_identification:Package 'src/udemy_ros2_pkg' with type 'ros.ament_cmake' and name 'udemy_ros2_pkg'
[0.822s] Level 1:colcon.colcon_core.package_discovery:discover_packages(recursive) using defaults
[0.822s] Level 1:colcon.colcon_core.package_discovery:discover_packages(ignore) discover
[0.822s] Level 1:colcon.colcon_core.package_discovery:discover_packages(ignore) using defaults
[0.822s] Level 1:colcon.colcon_core.package_discovery:discover_packages(path) discover
[0.822s] Level 1:colcon.colcon_core.package_discovery:discover_packages(path) using defaults
[0.860s] Level 1:colcon.colcon_core.package_discovery:discover_packages(prefix_path) check parameters
[0.860s] Level 1:colcon.colcon_core.package_discovery:discover_packages(prefix_path) discover
[0.870s] DEBUG:colcon.colcon_installed_package_information.package_discovery:Found 270 installed packages in /opt/ros/humble
[0.873s] Level 1:colcon.colcon_core.package_discovery:discover_packages(prefix_path) using defaults
[1.135s] Level 5:colcon.colcon_core.verb:set package 'udemy_ros2_pkg' build argument 'cmake_args' from command line to 'None'
[1.135s] Level 5:colcon.colcon_core.verb:set package 'udemy_ros2_pkg' build argument 'cmake_target' from command line to 'None'
[1.135s] Level 5:colcon.colcon_core.verb:set package 'udemy_ros2_pkg' build argument 'cmake_target_skip_unavailable' from command line to 'False'
[1.135s] Level 5:colcon.colcon_core.verb:set package 'udemy_ros2_pkg' build argument 'cmake_clean_cache' from command line to 'False'
[1.135s] Level 5:colcon.colcon_core.verb:set package 'udemy_ros2_pkg' build argument 'cmake_clean_first' from command line to 'False'
[1.135s] Level 5:colcon.colcon_core.verb:set package 'udemy_ros2_pkg' build argument 'cmake_force_configure' from command line to 'False'
[1.135s] Level 5:colcon.colcon_core.verb:set package 'udemy_ros2_pkg' build argument 'ament_cmake_args' from command line to 'None'
[1.135s] Level 5:colcon.colcon_core.verb:set package 'udemy_ros2_pkg' build argument 'catkin_cmake_args' from command line to 'None'
[1.136s] Level 5:colcon.colcon_core.verb:set package 'udemy_ros2_pkg' build argument 'catkin_skip_building_tests' from command line to 'False'
[1.136s] DEBUG:colcon.colcon_core.verb:Building package 'udemy_ros2_pkg' with the following arguments: {'ament_cmake_args': None, 'build_base': '/home/vboxuser/workspace/ros2_pkg_ws/build/udemy_ros2_pkg', 'catkin_cmake_args': None, 'catkin_skip_building_tests': False, 'cmake_args': None, 'cmake_clean_cache': False, 'cmake_clean_first': False, 'cmake_force_configure': False, 'cmake_target': None, 'cmake_target_skip_unavailable': False, 'install_base': '/home/vboxuser/workspace/ros2_pkg_ws/install/udemy_ros2_pkg', 'merge_install': False, 'path': '/home/vboxuser/workspace/ros2_pkg_ws/src/udemy_ros2_pkg', 'symlink_install': False, 'test_result_base': None}
[1.136s] INFO:colcon.colcon_core.executor:Executing jobs using 'parallel' executor
[1.140s] DEBUG:colcon.colcon_parallel_executor.executor.parallel:run_until_complete
[1.140s] INFO:colcon.colcon_ros.task.ament_cmake.build:Building ROS package in '/home/vboxuser/workspace/ros2_pkg_ws/src/udemy_ros2_pkg' with build type 'ament_cmake'
[1.140s] INFO:colcon.colcon_cmake.task.cmake.build:Building CMake package in '/home/vboxuser/workspace/ros2_pkg_ws/src/udemy_ros2_pkg'
[1.146s] INFO:colcon.colcon_core.plugin_system:Skipping extension 'colcon_core.shell.bat': Not used on non-Windows systems
[1.146s] INFO:colcon.colcon_core.shell:Skip shell extension 'powershell' for command environment: Not usable outside of PowerShell
[1.146s] DEBUG:colcon.colcon_core.shell:Skip shell extension 'dsv' for command environment
[1.161s] DEBUG:colcon.colcon_core.event_handler.log_command:Invoking command in '/home/vboxuser/workspace/ros2_pkg_ws/build/udemy_ros2_pkg': CMAKE_PREFIX_PATH=/opt/ros/humble /usr/bin/cmake /home/vboxuser/workspace/ros2_pkg_ws/src/udemy_ros2_pkg -DCMAKE_INSTALL_PREFIX=/home/vboxuser/workspace/ros2_pkg_ws/install/udemy_ros2_pkg
[6.634s] DEBUG:colcon.colcon_core.event_handler.log_command:Invoked command in '/home/vboxuser/workspace/ros2_pkg_ws/build/udemy_ros2_pkg' returned '0': CMAKE_PREFIX_PATH=/opt/ros/humble /usr/bin/cmake /home/vboxuser/workspace/ros2_pkg_ws/src/udemy_ros2_pkg -DCMAKE_INSTALL_PREFIX=/home/vboxuser/workspace/ros2_pkg_ws/install/udemy_ros2_pkg
[6.634s] DEBUG:colcon.colcon_core.event_handler.log_command:Invoking command in '/home/vboxuser/workspace/ros2_pkg_ws/build/udemy_ros2_pkg': CMAKE_PREFIX_PATH=/opt/ros/humble /usr/bin/cmake --build /home/vboxuser/workspace/ros2_pkg_ws/build/udemy_ros2_pkg -- -j1 -l1
[26.707s] DEBUG:colcon.colcon_core.event_handler.log_command:Invoked command in '/home/vboxuser/workspace/ros2_pkg_ws/build/udemy_ros2_pkg' returned '0': CMAKE_PREFIX_PATH=/opt/ros/humble /usr/bin/cmake --build /home/vboxuser/workspace/ros2_pkg_ws/build/udemy_ros2_pkg -- -j1 -l1
[27.185s] DEBUG:colcon.colcon_core.event_handler.log_command:Invoking command in '/home/vboxuser/workspace/ros2_pkg_ws/build/udemy_ros2_pkg': CMAKE_PREFIX_PATH=/opt/ros/humble /usr/bin/cmake --install /home/vboxuser/workspace/ros2_pkg_ws/build/udemy_ros2_pkg
[27.721s] Level 1:colcon.colcon_core.environment:create_environment_scripts_only(udemy_ros2_pkg)
[27.735s] DEBUG:colcon.colcon_core.event_handler.log_command:Invoked command in '/home/vboxuser/workspace/ros2_pkg_ws/build/udemy_ros2_pkg' returned '0': CMAKE_PREFIX_PATH=/opt/ros/humble /usr/bin/cmake --install /home/vboxuser/workspace/ros2_pkg_ws/build/udemy_ros2_pkg
[27.751s] Level 1:colcon.colcon_core.environment:checking '/home/vboxuser/workspace/ros2_pkg_ws/install/udemy_ros2_pkg' for CMake module files
[27.752s] Level 1:colcon.colcon_core.environment:checking '/home/vboxuser/workspace/ros2_pkg_ws/install/udemy_ros2_pkg' for CMake config files
[27.753s] Level 1:colcon.colcon_core.shell:create_environment_hook('udemy_ros2_pkg', 'cmake_prefix_path')
[27.754s] INFO:colcon.colcon_core.shell:Creating environment hook '/home/vboxuser/workspace/ros2_pkg_ws/install/udemy_ros2_pkg/share/udemy_ros2_pkg/hook/cmake_prefix_path.ps1'
[27.755s] INFO:colcon.colcon_core.shell:Creating environment descriptor '/home/vboxuser/workspace/ros2_pkg_ws/install/udemy_ros2_pkg/share/udemy_ros2_pkg/hook/cmake_prefix_path.dsv'
[27.755s] INFO:colcon.colcon_core.shell:Creating environment hook '/home/vboxuser/workspace/ros2_pkg_ws/install/udemy_ros2_pkg/share/udemy_ros2_pkg/hook/cmake_prefix_path.sh'
[27.756s] Level 1:colcon.colcon_core.environment:checking '/home/vboxuser/workspace/ros2_pkg_ws/install/udemy_ros2_pkg/lib'
[27.757s] Level 1:colcon.colcon_core.shell:create_environment_hook('udemy_ros2_pkg', 'ld_library_path_lib')
[27.760s] INFO:colcon.colcon_core.shell:Creating environment hook '/home/vboxuser/workspace/ros2_pkg_ws/install/udemy_ros2_pkg/share/udemy_ros2_pkg/hook/ld_library_path_lib.ps1'
[27.760s] INFO:colcon.colcon_core.shell:Creating environment descriptor '/home/vboxuser/workspace/ros2_pkg_ws/install/udemy_ros2_pkg/share/udemy_ros2_pkg/hook/ld_library_path_lib.dsv'
[27.760s] INFO:colcon.colcon_core.shell:Creating environment hook '/home/vboxuser/workspace/ros2_pkg_ws/install/udemy_ros2_pkg/share/udemy_ros2_pkg/hook/ld_library_path_lib.sh'
[27.761s] Level 1:colcon.colcon_core.environment:checking '/home/vboxuser/workspace/ros2_pkg_ws/install/udemy_ros2_pkg/bin'
[27.761s] Level 1:colcon.colcon_core.environment:checking '/home/vboxuser/workspace/ros2_pkg_ws/install/udemy_ros2_pkg/lib/pkgconfig/udemy_ros2_pkg.pc'
[27.761s] Level 1:colcon.colcon_core.environment:checking '/home/vboxuser/workspace/ros2_pkg_ws/install/udemy_ros2_pkg/lib/python3.10/site-packages'
[27.761s] Level 1:colcon.colcon_core.environment:checking '/home/vboxuser/workspace/ros2_pkg_ws/install/udemy_ros2_pkg/bin'
[27.763s] INFO:colcon.colcon_core.shell:Creating package script '/home/vboxuser/workspace/ros2_pkg_ws/install/udemy_ros2_pkg/share/udemy_ros2_pkg/package.ps1'
[27.764s] INFO:colcon.colcon_core.shell:Creating package descriptor '/home/vboxuser/workspace/ros2_pkg_ws/install/udemy_ros2_pkg/share/udemy_ros2_pkg/package.dsv'
[27.780s] INFO:colcon.colcon_core.shell:Creating package script '/home/vboxuser/workspace/ros2_pkg_ws/install/udemy_ros2_pkg/share/udemy_ros2_pkg/package.sh'
[27.782s] INFO:colcon.colcon_core.shell:Creating package script '/home/vboxuser/workspace/ros2_pkg_ws/install/udemy_ros2_pkg/share/udemy_ros2_pkg/package.bash'
[27.783s] INFO:colcon.colcon_core.shell:Creating package script '/home/vboxuser/workspace/ros2_pkg_ws/install/udemy_ros2_pkg/share/udemy_ros2_pkg/package.zsh'
[27.784s] Level 1:colcon.colcon_core.environment:create_file_with_runtime_dependencies(/home/vboxuser/workspace/ros2_pkg_ws/install/udemy_ros2_pkg/share/colcon-core/packages/udemy_ros2_pkg)
[28.503s] Level 1:colcon.colcon_core.environment:create_environment_scripts_only(udemy_ros2_pkg)
[28.505s] Level 1:colcon.colcon_core.environment:checking '/home/vboxuser/workspace/ros2_pkg_ws/install/udemy_ros2_pkg' for CMake module files
[28.506s] Level 1:colcon.colcon_core.environment:checking '/home/vboxuser/workspace/ros2_pkg_ws/install/udemy_ros2_pkg' for CMake config files
[28.506s] Level 1:colcon.colcon_core.shell:create_environment_hook('udemy_ros2_pkg', 'cmake_prefix_path')
[28.508s] INFO:colcon.colcon_core.shell:Creating environment hook '/home/vboxuser/workspace/ros2_pkg_ws/install/udemy_ros2_pkg/share/udemy_ros2_pkg/hook/cmake_prefix_path.ps1'
[28.511s] INFO:colcon.colcon_core.shell:Creating environment descriptor '/home/vboxuser/workspace/ros2_pkg_ws/install/udemy_ros2_pkg/share/udemy_ros2_pkg/hook/cmake_prefix_path.dsv'
[28.512s] INFO:colcon.colcon_core.shell:Creating environment hook '/home/vboxuser/workspace/ros2_pkg_ws/install/udemy_ros2_pkg/share/udemy_ros2_pkg/hook/cmake_prefix_path.sh'
[28.514s] Level 1:colcon.colcon_core.environment:checking '/home/vboxuser/workspace/ros2_pkg_ws/install/udemy_ros2_pkg/lib'
[28.514s] Level 1:colcon.colcon_core.shell:create_environment_hook('udemy_ros2_pkg', 'ld_library_path_lib')
[28.515s] INFO:colcon.colcon_core.shell:Creating environment hook '/home/vboxuser/workspace/ros2_pkg_ws/install/udemy_ros2_pkg/share/udemy_ros2_pkg/hook/ld_library_path_lib.ps1'
[28.516s] INFO:colcon.colcon_core.shell:Creating environment descriptor '/home/vboxuser/workspace/ros2_pkg_ws/install/udemy_ros2_pkg/share/udemy_ros2_pkg/hook/ld_library_path_lib.dsv'
[28.517s] INFO:colcon.colcon_core.shell:Creating environment hook '/home/vboxuser/workspace/ros2_pkg_ws/install/udemy_ros2_pkg/share/udemy_ros2_pkg/hook/ld_library_path_lib.sh'
[28.519s] Level 1:colcon.colcon_core.environment:checking '/home/vboxuser/workspace/ros2_pkg_ws/install/udemy_ros2_pkg/bin'
[28.519s] Level 1:colcon.colcon_core.environment:checking '/home/vboxuser/workspace/ros2_pkg_ws/install/udemy_ros2_pkg/lib/pkgconfig/udemy_ros2_pkg.pc'
[28.519s] Level 1:colcon.colcon_core.environment:checking '/home/vboxuser/workspace/ros2_pkg_ws/install/udemy_ros2_pkg/lib/python3.10/site-packages'
[28.520s] Level 1:colcon.colcon_core.environment:checking '/home/vboxuser/workspace/ros2_pkg_ws/install/udemy_ros2_pkg/bin'
[28.521s] INFO:colcon.colcon_core.shell:Creating package script '/home/vboxuser/workspace/ros2_pkg_ws/install/udemy_ros2_pkg/share/udemy_ros2_pkg/package.ps1'
[28.523s] INFO:colcon.colcon_core.shell:Creating package descriptor '/home/vboxuser/workspace/ros2_pkg_ws/install/udemy_ros2_pkg/share/udemy_ros2_pkg/package.dsv'
[28.525s] INFO:colcon.colcon_core.shell:Creating package script '/home/vboxuser/workspace/ros2_pkg_ws/install/udemy_ros2_pkg/share/udemy_ros2_pkg/package.sh'
[28.526s] INFO:colcon.colcon_core.shell:Creating package script '/home/vboxuser/workspace/ros2_pkg_ws/install/udemy_ros2_pkg/share/udemy_ros2_pkg/package.bash'
[28.527s] INFO:colcon.colcon_core.shell:Creating package script '/home/vboxuser/workspace/ros2_pkg_ws/install/udemy_ros2_pkg/share/udemy_ros2_pkg/package.zsh'
[28.528s] Level 1:colcon.colcon_core.environment:create_file_with_runtime_dependencies(/home/vboxuser/workspace/ros2_pkg_ws/install/udemy_ros2_pkg/share/colcon-core/packages/udemy_ros2_pkg)
[28.529s] DEBUG:colcon.colcon_parallel_executor.executor.parallel:closing loop
[28.530s] DEBUG:colcon.colcon_parallel_executor.executor.parallel:loop closed
[28.530s] DEBUG:colcon.colcon_parallel_executor.executor.parallel:run_until_complete finished with '0'
[28.530s] DEBUG:colcon.colcon_core.event_reactor:joining thread
[28.555s] INFO:colcon.colcon_core.plugin_system:Skipping extension 'colcon_notification.desktop_notification.terminal_notifier': Not used on non-Darwin systems
[28.555s] INFO:colcon.colcon_core.plugin_system:Skipping extension 'colcon_notification.desktop_notification.win32': Not used on non-Windows systems
[28.555s] INFO:colcon.colcon_notification.desktop_notification:Sending desktop notification using 'notify2'
[28.604s] DEBUG:colcon.colcon_core.event_reactor:joined thread
[28.606s] INFO:colcon.colcon_core.shell:Creating prefix script '/home/vboxuser/workspace/ros2_pkg_ws/install/local_setup.ps1'
[28.608s] INFO:colcon.colcon_core.shell:Creating prefix util module '/home/vboxuser/workspace/ros2_pkg_ws/install/_local_setup_util_ps1.py'
[28.610s] INFO:colcon.colcon_core.shell:Creating prefix chain script '/home/vboxuser/workspace/ros2_pkg_ws/install/setup.ps1'
[28.612s] INFO:colcon.colcon_core.shell:Creating prefix script '/home/vboxuser/workspace/ros2_pkg_ws/install/local_setup.sh'
[28.612s] INFO:colcon.colcon_core.shell:Creating prefix util module '/home/vboxuser/workspace/ros2_pkg_ws/install/_local_setup_util_sh.py'
[28.613s] INFO:colcon.colcon_core.shell:Creating prefix chain script '/home/vboxuser/workspace/ros2_pkg_ws/install/setup.sh'
[28.614s] INFO:colcon.colcon_core.shell:Creating prefix script '/home/vboxuser/workspace/ros2_pkg_ws/install/local_setup.bash'
[28.615s] INFO:colcon.colcon_core.shell:Creating prefix chain script '/home/vboxuser/workspace/ros2_pkg_ws/install/setup.bash'
[28.616s] INFO:colcon.colcon_core.shell:Creating prefix script '/home/vboxuser/workspace/ros2_pkg_ws/install/local_setup.zsh'
[28.631s] INFO:colcon.colcon_core.shell:Creating prefix chain script '/home/vboxuser/workspace/ros2_pkg_ws/install/setup.zsh'
